2021-08-20 16:55:20.233  INFO 46572 --- [restartedMain] dev.valhalla.backend.BackendApplication  : Starting BackendApplication using Java 11.0.12 on desenv0 with PID 46572 (/home/desenv0/Projetos/particular/framework/backend/target/classes started by desenv0 in /home/desenv0/Projetos/particular/framework/backend)
2021-08-20 16:55:20.238  INFO 46572 --- [restartedMain] dev.valhalla.backend.BackendApplication  : The following profiles are active: @activatedProperties@
2021-08-20 16:55:21.029  INFO 46572 --- [restartedMain] .e.DevToolsPropertyDefaultsPostProcessor : Devtools property defaults active! Set 'spring.devtools.add-properties' to 'false' to disable
2021-08-20 16:55:21.030  INFO 46572 --- [restartedMain] .e.DevToolsPropertyDefaultsPostProcessor : For additional web related logging consider setting the 'logging.level.web' property to 'DEBUG'
2021-08-20 16:55:22.085  INFO 46572 --- [restartedMain] .s.d.r.c.RepositoryConfigurationDelegate : Bootstrapping Spring Data JPA repositories in DEFAULT mode.
2021-08-20 16:55:22.100  INFO 46572 --- [restartedMain] .s.d.r.c.RepositoryConfigurationDelegate : Finished Spring Data repository scanning in 7 ms. Found 0 JPA repository interfaces.
2021-08-20 16:55:22.805  INFO 46572 --- [restartedMain] o.s.b.w.embedded.tomcat.TomcatWebServer  : Tomcat initialized with port(s): 8080 (http)
2021-08-20 16:55:22.813  INFO 46572 --- [restartedMain] o.apache.catalina.core.StandardService   : Starting service [Tomcat]
2021-08-20 16:55:22.813  INFO 46572 --- [restartedMain] org.apache.catalina.core.StandardEngine  : Starting Servlet engine: [Apache Tomcat/9.0.52]
2021-08-20 16:55:22.884  INFO 46572 --- [restartedMain] o.a.c.c.C.[Tomcat].[localhost].[/]       : Initializing Spring embedded WebApplicationContext
2021-08-20 16:55:22.885  INFO 46572 --- [restartedMain] w.s.c.ServletWebServerApplicationContext : Root WebApplicationContext: initialization completed in 1854 ms
2021-08-20 16:55:23.104  WARN 46572 --- [restartedMain] ConfigServletWebServerApplicationContext : Exception encountered during context initialization - cancelling refresh attempt: org.springframework.beans.factory.BeanCreationException: Error creating bean with name 'flyway' defined in class path resource [org/springframework/boot/autoconfigure/flyway/FlywayAutoConfiguration$FlywayConfiguration.class]: Bean instantiation via factory method failed; nested exception is org.springframework.beans.BeanInstantiationException: Failed to instantiate [org.flywaydb.core.Flyway]: Factory method 'flyway' threw exception; nested exception is org.springframework.boot.autoconfigure.flyway.FlywayMigrationScriptMissingException: Cannot find migration scripts in: [classpath:/db/migration] (please add migration scripts or check your Flyway configuration)
2021-08-20 16:55:23.107  INFO 46572 --- [restartedMain] o.apache.catalina.core.StandardService   : Stopping service [Tomcat]
2021-08-20 16:55:23.131  INFO 46572 --- [restartedMain] ConditionEvaluationReportLoggingListener : 

Error starting ApplicationContext. To display the conditions report re-run your application with 'debug' enabled.
2021-08-20 16:55:23.148 ERROR 46572 --- [restartedMain] o.s.b.d.LoggingFailureAnalysisReporter   : 

***************************
APPLICATION FAILED TO START
***************************

Description:

Flyway failed to initialize: none of the following migration scripts locations could be found:

	- classpath:/db/migration


Action:

Review the locations above or check your Flyway configuration

